2018-07-04 11:08:05 INFO  Log:15 - Test is Ending...
2018-07-04 11:08:38 INFO  Log:20 - simulador_de_creditostest is starting
2018-07-04 11:08:38 INFO  Log:20 - click simulator credit
2018-07-04 11:08:38 INFO  Log:20 - click simulator credit view more
2018-07-04 11:08:38 INFO  Log:20 - valid title page
2018-07-04 11:08:39 INFO  Log:15 - Test is Ending...
2018-07-04 11:09:29 INFO  Log:15 - Test is Ending...
2018-07-04 11:09:39 INFO  Log:20 - simulador_de_creditostest is starting
2018-07-04 11:09:39 INFO  Log:20 - click simulator credit
2018-07-04 11:09:39 INFO  Log:20 - click simulator credit view more
2018-07-04 11:09:39 INFO  Log:20 - valid title page
2018-07-04 11:09:40 INFO  Log:15 - Test is Ending...
2018-07-04 11:11:34 INFO  Log:15 - Test is Ending...
2018-07-04 11:11:46 INFO  Log:20 - simulador_de_creditostest is starting
2018-07-04 11:11:46 INFO  Log:20 - click simulator credit
2018-07-04 11:12:21 INFO  Log:20 - click simulator credit view more
2018-07-04 11:12:21 INFO  Log:20 - valid title page
2018-07-04 11:12:22 INFO  Log:15 - Test is Ending...
2018-07-04 11:31:30 INFO  Log:15 - Test is Ending...
2018-07-04 11:31:58 INFO  Log:20 - simulador_de_creditostest is starting
2018-07-04 11:31:58 INFO  Log:20 - click simulator credit
2018-07-04 11:32:03 INFO  Log:15 - Test is Ending...
2018-07-04 11:57:14 INFO  Log:15 - Test is Ending...
2018-07-04 11:57:42 INFO  Log:15 - Test is Ending...
2018-07-04 11:57:58 INFO  Log:15 - Test is Ending...
2018-07-04 11:58:08 INFO  Log:15 - Test is Ending...
2018-07-04 11:59:29 INFO  Log:15 - Test is Ending...
2018-07-04 11:59:47 INFO  Log:15 - Test is Ending...
2018-07-04 12:01:05 INFO  Log:15 - Test is Ending...
2018-07-04 12:01:29 INFO  Log:15 - Test is Ending...
2018-07-04 12:06:02 INFO  Log:15 - Test is Ending...
2018-07-04 12:06:28 INFO  Log:20 - pruebas@automatizacion.cltest is starting
2018-07-04 12:06:28 INFO  Log:20 - click simulator credit
2018-07-04 12:06:29 INFO  Log:20 - click simulator credit view more
2018-07-04 12:06:29 INFO  Log:20 - valid title page
2018-07-04 12:06:29 INFO  Log:15 - Test is Ending...
2018-07-04 12:32:16 INFO  Log:15 - Test is Ending...
2018-07-04 12:32:52 INFO  Log:20 - pruebas@automatizacion.cltest is starting
2018-07-04 12:32:52 INFO  Log:20 - click simulator credit
2018-07-04 12:32:53 INFO  Log:20 - click simulator credit view more
2018-07-04 12:32:53 INFO  Log:20 - valid title page
2018-07-04 12:32:53 INFO  Log:15 - Test is Ending...
2018-07-04 12:33:16 INFO  Log:15 - Test is Ending...
2018-07-04 12:33:51 INFO  Log:20 - pruebas@automatizacion.cltest is starting
2018-07-04 12:33:51 INFO  Log:20 - click simulator credit
2018-07-04 12:33:52 INFO  Log:20 - click simulator credit view more
2018-07-04 12:33:52 INFO  Log:20 - valid title page
2018-07-04 12:33:52 INFO  Log:15 - Test is Ending...
2018-07-04 12:36:31 INFO  Log:15 - Test is Ending...
2018-07-04 12:37:20 INFO  Log:20 - 15397365-2test is starting
2018-07-04 12:37:20 INFO  Log:20 - click simulator credit
2018-07-04 12:37:21 INFO  Log:20 - click simulator credit view more
2018-07-04 12:37:21 INFO  Log:20 - valid title page
2018-07-04 12:37:21 INFO  Log:20 - 166385318test is starting
2018-07-04 12:37:21 INFO  Log:20 - click simulator credit
2018-07-04 12:37:21 INFO  Log:15 - Test is Ending...
2018-07-04 12:37:59 INFO  Log:15 - Test is Ending...
2018-07-04 12:38:26 INFO  Log:20 - 15397365-2test is starting
2018-07-04 12:38:26 INFO  Log:20 - click simulator credit
2018-07-04 12:38:27 INFO  Log:20 - click simulator credit view more
2018-07-04 12:38:27 INFO  Log:20 - valid title page
2018-07-04 12:38:27 INFO  Log:20 - 16638531-8test is starting
2018-07-04 12:38:27 INFO  Log:20 - click simulator credit
2018-07-04 12:38:27 INFO  Log:15 - Test is Ending...
2018-07-04 12:39:34 INFO  Log:15 - Test is Ending...
2018-07-04 12:40:10 INFO  Log:20 - 15397365-2test is starting
2018-07-04 12:40:10 INFO  Log:20 - click simulator credit
2018-07-04 12:40:11 INFO  Log:20 - click simulator credit view more
2018-07-04 12:40:11 INFO  Log:20 - valid title page
2018-07-04 12:40:12 INFO  Log:20 - 16638531-8test is starting
2018-07-04 12:40:12 INFO  Log:20 - click simulator credit
2018-07-04 12:40:12 INFO  Log:15 - Test is Ending...
2018-07-04 12:46:02 INFO  Log:15 - Test is Ending...
2018-07-04 12:46:19 INFO  Log:20 - 16638531-8test is starting
2018-07-04 12:46:19 INFO  Log:20 - click simulator credit
2018-07-04 12:46:20 INFO  Log:20 - click simulator credit view more
2018-07-04 12:46:20 INFO  Log:20 - valid title page
2018-07-04 12:46:21 INFO  Log:15 - Test is Ending...
2018-07-04 14:21:36 INFO  Log:15 - Test is Ending...
2018-07-04 14:21:54 INFO  Log:15 - Test is Ending...
2018-07-04 14:27:20 INFO  Log:15 - Test is Ending...
2018-07-04 14:27:39 INFO  Log:15 - Test is Ending...
2018-07-04 14:27:57 INFO  Log:15 - Test is Ending...
2018-07-04 14:28:19 INFO  Log:20 - 15397365-2test is starting
2018-07-04 14:28:19 INFO  Log:20 - click simulator credit
2018-07-04 14:28:20 INFO  Log:20 - click simulator credit view more
2018-07-04 14:28:20 INFO  Log:20 - valid title page
2018-07-04 14:28:21 INFO  Log:15 - Test is Ending...
2018-07-04 14:28:57 INFO  Log:15 - Test is Ending...
2018-07-04 14:29:05 INFO  Log:20 - 15397365-2test is starting
2018-07-04 14:29:05 INFO  Log:20 - click simulator credit
2018-07-04 14:29:06 INFO  Log:20 - click simulator credit view more
2018-07-04 14:29:06 INFO  Log:20 - valid title page
2018-07-04 14:29:06 INFO  Log:20 - 15397365-2test is starting
2018-07-04 14:29:06 INFO  Log:20 - click simulator credit
2018-07-04 14:29:06 INFO  Log:15 - Test is Ending...
2018-07-04 14:39:34 INFO  Log:15 - Test is Ending...
2018-07-04 14:39:52 INFO  Log:20 - 15397365-2test is starting
2018-07-04 14:39:52 INFO  Log:20 - click simulator credit
2018-07-04 14:39:53 INFO  Log:20 - click simulator credit view more
2018-07-04 14:39:53 INFO  Log:20 - valid title page
2018-07-04 14:39:54 INFO  Log:20 - 16638531-8test is starting
2018-07-04 14:39:54 INFO  Log:20 - click simulator credit
2018-07-04 14:39:54 INFO  Log:15 - Test is Ending...
2018-07-04 14:41:49 INFO  Log:15 - Test is Ending...
2018-07-04 14:42:06 INFO  Log:20 - 15397365-2test is starting
2018-07-04 14:42:06 INFO  Log:20 - click simulator credit
2018-07-04 14:42:07 INFO  Log:20 - click simulator credit view more
2018-07-04 14:42:07 INFO  Log:20 - valid title page
2018-07-04 14:42:07 INFO  Log:20 - 16638531-8test is starting
2018-07-04 14:42:07 INFO  Log:20 - click simulator credit
2018-07-04 14:42:07 INFO  Log:15 - Test is Ending...
2018-07-04 14:42:20 INFO  Log:15 - Test is Ending...
2018-07-04 14:42:29 INFO  Log:20 - 15397365-2test is starting
2018-07-04 14:42:29 INFO  Log:20 - click simulator credit
2018-07-04 14:42:30 INFO  Log:20 - click simulator credit view more
2018-07-04 14:42:30 INFO  Log:20 - valid title page
2018-07-04 14:42:30 INFO  Log:20 - 16638531-8test is starting
2018-07-04 14:42:30 INFO  Log:20 - click simulator credit
2018-07-04 14:42:30 INFO  Log:15 - Test is Ending...
2018-07-04 14:45:25 INFO  Log:15 - Test is Ending...
2018-07-04 14:45:33 INFO  Log:20 - 15397365-2test is starting
2018-07-04 14:45:34 INFO  Log:20 - click simulator credit
2018-07-04 14:45:37 INFO  Log:20 - click simulator credit view more
2018-07-04 14:45:37 INFO  Log:20 - valid title page
2018-07-04 14:45:37 INFO  Log:20 - 16638531-8test is starting
2018-07-04 14:45:37 INFO  Log:20 - click simulator credit
2018-07-04 14:45:39 INFO  Log:20 - click simulator credit view more
2018-07-04 14:45:39 INFO  Log:20 - valid title page
2018-07-04 14:45:39 INFO  Log:15 - Test is Ending...
2018-07-04 14:49:33 INFO  Log:15 - Test is Ending...
2018-07-04 14:49:51 INFO  Log:20 - test is starting
2018-07-04 14:49:52 INFO  Log:20 - click simulator credit
2018-07-04 14:49:57 INFO  Log:20 - click simulator credit view more
2018-07-04 14:49:57 INFO  Log:20 - valid title page
2018-07-04 14:49:57 INFO  Log:20 - test is starting
2018-07-04 14:49:57 INFO  Log:20 - click simulator credit
2018-07-04 14:50:00 INFO  Log:20 - click simulator credit view more
2018-07-04 14:50:00 INFO  Log:20 - valid title page
2018-07-04 14:50:00 INFO  Log:15 - Test is Ending...
2018-07-04 15:00:29 INFO  Log:15 - Test is Ending...
2018-07-04 15:00:48 INFO  Log:20 - test is starting
2018-07-04 15:00:48 INFO  Log:20 - click simulator credit
2018-07-04 15:00:50 INFO  Log:20 - click simulator credit view more
2018-07-04 15:00:50 INFO  Log:20 - valid title page
2018-07-04 15:00:50 INFO  Log:20 - test is starting
2018-07-04 15:00:50 INFO  Log:20 - click simulator credit
2018-07-04 15:00:52 INFO  Log:20 - click simulator credit view more
2018-07-04 15:00:52 INFO  Log:20 - valid title page
2018-07-04 15:00:52 INFO  Log:15 - Test is Ending...
2018-07-04 16:47:20 INFO  Log:15 - Test is Ending...
2018-07-04 16:47:34 INFO  Log:20 - test is starting
2018-07-04 16:47:34 INFO  Log:20 - click simulator credit
2018-07-04 16:47:43 INFO  Log:20 - click simulator credit view more
2018-07-04 16:47:43 INFO  Log:20 - valid title page
2018-07-04 16:47:43 INFO  Log:20 - test is starting
2018-07-04 16:47:43 INFO  Log:20 - click simulator credit
2018-07-04 16:47:46 INFO  Log:20 - click simulator credit view more
2018-07-04 16:47:46 INFO  Log:20 - valid title page
2018-07-04 16:47:46 INFO  Log:15 - Test is Ending...
2018-07-04 16:47:46 INFO  Log:15 - Test is Ending...
2018-07-04 16:47:57 INFO  Log:20 - test is starting
2018-07-04 16:47:57 INFO  Log:20 - click simulator credit
2018-07-04 16:48:02 INFO  Log:20 - Ingreso de datos al formulario
2018-07-04 16:48:03 INFO  Log:15 - Test is Ending...
2018-07-04 16:51:06 INFO  Log:15 - Test is Ending...
2018-07-04 16:51:24 INFO  Log:20 - test is starting
2018-07-04 16:51:24 INFO  Log:20 - click simulator credit
2018-07-04 16:51:29 INFO  Log:20 - Ingreso de datos al formulario
2018-07-04 16:51:29 INFO  Log:15 - Test is Ending...
2018-07-04 16:52:19 INFO  Log:15 - Test is Ending...
2018-07-04 16:52:27 INFO  Log:20 - test is starting
2018-07-04 16:52:27 INFO  Log:20 - click simulator credit
2018-07-04 16:52:33 INFO  Log:20 - Ingreso de datos al formulario
2018-07-04 16:52:33 INFO  Log:15 - Test is Ending...
2018-07-04 16:54:11 INFO  Log:15 - Test is Ending...
2018-07-04 16:54:20 INFO  Log:20 - test is starting
2018-07-04 16:54:20 INFO  Log:20 - click simulator credit
2018-07-04 16:54:55 INFO  Log:20 - Ingreso de datos al formulario
2018-07-04 16:54:55 INFO  Log:15 - Test is Ending...
2018-07-04 16:58:38 INFO  Log:15 - Test is Ending...
2018-07-04 16:58:47 INFO  Log:20 - test is starting
2018-07-04 16:58:47 INFO  Log:20 - click simulator credit
2018-07-04 16:58:51 INFO  Log:20 - Ingreso de datos al formulario
2018-07-04 16:58:54 INFO  Log:15 - Test is Ending...
2018-07-04 17:00:11 INFO  Log:15 - Test is Ending...
2018-07-04 17:00:33 INFO  Log:20 - test is starting
2018-07-04 17:00:33 INFO  Log:20 - click simulator credit
2018-07-04 17:00:45 INFO  Log:20 - Ingreso de datos al formulario
2018-07-04 17:00:46 INFO  Log:15 - Test is Ending...
2018-07-04 17:01:31 INFO  Log:15 - Test is Ending...
2018-07-04 17:01:38 INFO  Log:20 - test is starting
2018-07-04 17:01:39 INFO  Log:20 - click simulator credit
2018-07-04 17:01:45 INFO  Log:20 - Ingreso de datos al formulario
2018-07-04 17:01:46 INFO  Log:15 - Test is Ending...
2018-07-04 17:04:22 INFO  Log:15 - Test is Ending...
2018-07-04 17:04:38 INFO  Log:20 - test is starting
2018-07-04 17:04:38 INFO  Log:20 - click simulator credit
2018-07-04 17:04:42 INFO  Log:20 - Ingreso de datos al formulario
2018-07-04 17:04:44 INFO  Log:15 - Test is Ending...
2018-07-04 17:10:58 INFO  Log:15 - Test is Ending...
2018-07-04 17:11:09 INFO  Log:20 - test is starting
2018-07-04 17:11:09 INFO  Log:20 - click simulator credit
2018-07-04 17:11:12 INFO  Log:20 - Ingreso de datos al formulario
2018-07-04 17:11:15 INFO  Log:15 - Test is Ending...
2018-07-04 17:12:24 INFO  Log:15 - Test is Ending...
2018-07-04 17:12:36 INFO  Log:20 - test is starting
2018-07-04 17:12:36 INFO  Log:20 - click simulator credit
2018-07-04 17:12:39 INFO  Log:20 - Ingreso de datos al formulario
2018-07-04 17:12:41 INFO  Log:20 - clic btn simular credito
2018-07-04 17:12:42 INFO  Log:15 - Test is Ending...
2018-07-04 17:13:27 INFO  Log:15 - Test is Ending...
2018-07-04 17:13:33 INFO  Log:20 - test is starting
2018-07-04 17:13:33 INFO  Log:20 - click simulator credit
2018-07-04 17:13:38 INFO  Log:20 - Ingreso de datos al formulario
2018-07-04 17:13:41 INFO  Log:20 - clic btn simular credito
2018-07-04 17:13:41 INFO  Log:15 - Test is Ending...
2018-07-04 17:15:39 INFO  Log:15 - Test is Ending...
2018-07-04 17:15:48 INFO  Log:20 - test is starting
2018-07-04 17:15:48 INFO  Log:20 - click simulator credit
2018-07-04 17:15:53 INFO  Log:20 - Ingreso de datos al formulario
2018-07-04 17:15:54 INFO  Log:20 - clic btn simular credito
2018-07-04 17:15:58 INFO  Log:15 - Test is Ending...
2018-07-04 17:22:16 INFO  Log:15 - Test is Ending...
2018-07-04 17:22:26 INFO  Log:20 - test is starting
2018-07-04 17:22:26 INFO  Log:20 - click simulator credit
2018-07-04 17:22:57 INFO  Log:20 - Ingreso de datos al formulario
2018-07-04 17:22:58 INFO  Log:20 - clic btn simular credito
2018-07-04 17:23:02 INFO  Log:15 - Test is Ending...
2018-07-04 17:24:00 INFO  Log:15 - Test is Ending...
2018-07-04 17:24:10 INFO  Log:20 - test is starting
2018-07-04 17:24:10 INFO  Log:20 - click simulator credit
2018-07-04 17:24:14 INFO  Log:20 - Ingreso de datos al formulario
2018-07-04 17:24:15 INFO  Log:20 - clic btn simular credito
2018-07-04 17:24:19 INFO  Log:15 - Test is Ending...
2018-07-04 17:24:45 INFO  Log:15 - Test is Ending...
2018-07-04 17:25:10 INFO  Log:20 - test is starting
2018-07-04 17:25:10 INFO  Log:20 - click simulator credit
2018-07-04 17:25:15 INFO  Log:20 - Ingreso de datos al formulario
2018-07-04 17:25:18 INFO  Log:20 - clic btn simular credito
2018-07-04 17:28:09 INFO  Log:15 - Test is Ending...
2018-07-04 17:28:27 INFO  Log:20 - test is starting
2018-07-04 17:28:27 INFO  Log:20 - click simulator credit
2018-07-04 17:28:31 INFO  Log:20 - Ingreso de datos al formulario
2018-07-04 17:28:34 INFO  Log:20 - clic btn simular credito
2018-07-04 17:54:51 INFO  Log:15 - Test is Ending...
2018-07-04 17:55:10 INFO  Log:20 - test is starting
2018-07-04 17:55:10 INFO  Log:20 - click simulator credit
2018-07-04 17:55:18 INFO  Log:20 - Ingreso de datos al formulario
2018-07-04 17:55:19 INFO  Log:20 - clic btn simular credito
2018-07-04 17:55:23 INFO  Log:20 - selecciona renta 
2018-07-04 17:58:28 INFO  Log:15 - Test is Ending...
2018-07-04 17:58:45 INFO  Log:20 - test is starting
2018-07-04 17:58:45 INFO  Log:20 - click simulator credit
2018-07-04 17:58:49 INFO  Log:20 - Ingreso de datos al formulario
2018-07-04 17:58:52 INFO  Log:20 - clic btn simular credito
2018-07-04 17:59:08 INFO  Log:20 - selecciona renta 
2018-07-04 18:00:32 INFO  Log:15 - Test is Ending...
2018-07-04 18:00:50 INFO  Log:20 - test is starting
2018-07-04 18:00:50 INFO  Log:20 - click simulator credit
2018-07-04 18:01:23 INFO  Log:20 - Ingreso de datos al formulario
2018-07-04 18:01:24 INFO  Log:20 - clic btn simular credito
2018-07-04 18:01:29 INFO  Log:20 - selecciona renta 
